{
  error: Error: listen EADDRINUSE: address already in use :::5000
      at Server.setupListenHandle [as _listen2] (node:net:1908:16)
      at listenInCluster (node:net:1965:12)
      at Server.listen (node:net:2067:7)
      at Function.listen (c:\Users\win10user\Documents\financial-software\investors-daily-brief\backend\node_modules\express\lib\application.js:635:24)
      at ProductionMarketDashboardServer.start (file:///c:/Users/win10user/Documents/financial-software/investors-daily-brief/backend/production-server.js:206:30) {
    code: 'EADDRINUSE',
    errno: -4091,
    syscall: 'listen',
    address: '::',
    port: 5000
  },
  level: 'error',
  message: 'uncaughtException: listen EADDRINUSE: address already in use :::5000\n' +
    'Error: listen EADDRINUSE: address already in use :::5000\n' +
    '    at Server.setupListenHandle [as _listen2] (node:net:1908:16)\n' +
    '    at listenInCluster (node:net:1965:12)\n' +
    '    at Server.listen (node:net:2067:7)\n' +
    '    at Function.listen (c:\\Users\\win10user\\Documents\\financial-software\\investors-daily-brief\\backend\\node_modules\\express\\lib\\application.js:635:24)\n' +
    '    at ProductionMarketDashboardServer.start (file:///c:/Users/win10user/Documents/financial-software/investors-daily-brief/backend/production-server.js:206:30)',
  stack: 'Error: listen EADDRINUSE: address already in use :::5000\n' +
    '    at Server.setupListenHandle [as _listen2] (node:net:1908:16)\n' +
    '    at listenInCluster (node:net:1965:12)\n' +
    '    at Server.listen (node:net:2067:7)\n' +
    '    at Function.listen (c:\\Users\\win10user\\Documents\\financial-software\\investors-daily-brief\\backend\\node_modules\\express\\lib\\application.js:635:24)\n' +
    '    at ProductionMarketDashboardServer.start (file:///c:/Users/win10user/Documents/financial-software/investors-daily-brief/backend/production-server.js:206:30)',
  exception: true,
  date: 'Sat Jun 14 2025 22:56:01 GMT-0400 (Eastern Daylight Time)',
  process: {
    pid: 17516,
    uid: null,
    gid: null,
    cwd: 'c:\\Users\\win10user\\Documents\\financial-software\\investors-daily-brief\\backend',
    execPath: 'C:\\nvm4w\\nodejs\\node.exe',
    version: 'v20.18.2',
    argv: [
      'C:\\nvm4w\\nodejs\\node.exe',
      'c:\\Users\\win10user\\Documents\\financial-software\\investors-daily-brief\\backend\\production-server.js'
    ],
    memoryUsage: {
      rss: 77963264,
      heapTotal: 53473280,
      heapUsed: 26242680,
      external: 4408327,
      arrayBuffers: 493343
    }
  },
  os: { loadavg: [ 0, 0, 0 ], uptime: 253913.89 },
  trace: [
    {
      column: 16,
      file: 'node:net',
      function: 'Server.setupListenHandle [as _listen2]',
      line: 1908,
      method: 'setupListenHandle [as _listen2]',
      native: false
    },
    {
      column: 12,
      file: 'node:net',
      function: 'listenInCluster',
      line: 1965,
      method: null,
      native: false
    },
    {
      column: 7,
      file: 'node:net',
      function: 'Server.listen',
      line: 2067,
      method: 'listen',
      native: false
    },
    {
      column: 24,
      file: 'c:\\Users\\win10user\\Documents\\financial-software\\investors-daily-brief\\backend\\node_modules\\express\\lib\\application.js',
      function: 'Function.listen',
      line: 635,
      method: 'listen',
      native: false
    },
    {
      column: 30,
      file: 'file:///c:/Users/win10user/Documents/financial-software/investors-daily-brief/backend/production-server.js',
      function: 'ProductionMarketDashboardServer.start',
      line: 206,
      method: 'start',
      native: false
    }
  ],
  service: 'market-dashboard-backend',
  environment: 'development',
  timestamp: '2025-06-14 22:56:01'
}
